<?xml version="1.0" encoding="UTF-8"?>
<!-- Generated by org.testng.reporters.JUnitReportReporter -->
<testsuite hostname="DESKTOP-PMKJOI5" failures="0" tests="1" name="TestNG.TestNG_Basics" time="0.024" errors="0" timestamp="2022-06-11T16:27:29 IST" skipped="0">
  <testcase classname="TestNG.TestNG_Basics" name="googleTitleTest" time="0.024"/>
  <system-out/>
</testsuite> <!-- TestNG.TestNG_Basics -->
